<?xml version="1.0" encoding="UTF-8"?>
<testng-results ignored="0" total="1" passed="1" failed="0" skipped="0">
  <reporter-output>
  </reporter-output>
  <suite started-at="2021-04-26T19:41:44 IST" name="Default suite" finished-at="2021-04-26T19:41:44 IST" duration-ms="67">
    <groups>
    </groups>
    <test started-at="2021-04-26T19:41:44 IST" name="Default test" finished-at="2021-04-26T19:41:44 IST" duration-ms="67">
      <class name="testScripts.EntryTest">
        <test-method signature="sample()[pri:0, instance:testScripts.EntryTest@53ca01a2]" started-at="2021-04-26T19:41:44 IST" name="sample" finished-at="2021-04-26T19:41:44 IST" duration-ms="18" status="PASS">
          <reporter-output>
          </reporter-output>
        </test-method> <!-- sample -->
      </class> <!-- testScripts.EntryTest -->
    </test> <!-- Default test -->
  </suite> <!-- Default suite -->
</testng-results>
